<?xml version="1.0" encoding="UTF-8"?>
<testsuite name="Test" tests="12" skipped="0" failures="0" errors="0" timestamp="2024-03-02T00:12:38" hostname="EQUIPO" time="0.945">
  <properties/>
  <testcase name="cardDataInterfaceTestClassTest()" classname="Test" time="0.032"/>
  <testcase name="keyCardServiceTestClassTest()" classname="Test" time="0.524"/>
  <testcase name="keyCardTestClassTest()" classname="Test" time="0.06"/>
  <testcase name="cardServiceTestClassTest()" classname="Test" time="0.042"/>
  <testcase name="utilObjectExtendedTestClassTest()" classname="Test" time="0.034"/>
  <testcase name="cardStateTestClassTest()" classname="Test" time="0.217"/>
  <testcase name="cardTestClassTest()" classname="Test" time="0.004"/>
  <testcase name="utilObjectConstValuesTest()" classname="Test" time="0.001"/>
  <testcase name="wordCardDataTestClassTest()" classname="Test" time="0.005"/>
  <testcase name="keyCardGeneratorTestClassTest()" classname="Test" time="0.003"/>
  <testcase name="utilObjectTestClassTest()" classname="Test" time="0.006"/>
  <testcase name="keyCardTypeTestClassTest()" classname="Test" time="0.006"/>
  <system-out><![CDATA[]]></system-out>
  <system-err><![CDATA[]]></system-err>
</testsuite>
